<?xml version="1.0" encoding="UTF-8"?>
<testsuite xmlns:xsi="http://www.w3.org/2001/XMLSchema-instance" xsi:noNamespaceSchemaLocation="https://maven.apache.org/surefire/maven-surefire-plugin/xsd/surefire-test-report.xsd" name="UIAbmModel.UIScenarioTest" time="0.006" tests="7" errors="0" skipped="0" failures="0">
  <properties>
[...]
</properties>
  <testcase name="ScenarioWithVehicle" classname="UIAbmModel.UIScenarioTest" time="0"/>
  <testcase name="ScenarioWithLink" classname="UIAbmModel.UIScenarioTest" time="0"/>
  <testcase name="ScenarioWithNode" classname="UIAbmModel.UIScenarioTest" time="0"/>
  <testcase name="ScenarioWithPerson" classname="UIAbmModel.UIScenarioTest" time="0"/>
  <testcase name="goTo" classname="UIAbmModel.UIScenarioTest" time="0"/>
  <testcase name="ScenarioWithFacility" classname="UIAbmModel.UIScenarioTest" time="0"/>
  <testcase name="ScenarioWithEvent" classname="UIAbmModel.UIScenarioTest" time="0.001"/>
</testsuite>